DEBUG:root:Loading Fonts
DEBUG:urllib3.connectionpool:Starting new HTTP connection (1): d1.weather.com.cn:80
DEBUG:urllib3.connectionpool:http://d1.weather.com.cn:80 "GET /sk_2d/101270108.html HTTP/1.1" 200 None
天气文件更新
INFO:root:Width = 122, Height = 250
INFO:root:Initialize and clear the display
INFO:root:Refresh and prepare the basic content before starting the canvas
DEBUG:urllib3.connectionpool:Starting new HTTPS connection (1): international.v1.hitokoto.cn:443
DEBUG:urllib3.connectionpool:https://international.v1.hitokoto.cn:443 "GET /?c=k&c=f&c=d&c=a&encode=text&min_length=7&max_length=19 HTTP/1.1" 200 None
DEBUG:root:Horizontal
INFO:root:Partial content update, this update is recommended to be synchronized with the minute to save the life of the ink screen
DEBUG:root:Horizontal
DEBUG:root:Horizontal
DEBUG:root:Horizontal
DEBUG:root:Horizontal
DEBUG:root:Horizontal
DEBUG:root:Horizontal
DEBUG:root:Horizontal
DEBUG:root:Horizontal
DEBUG:root:Horizontal
DEBUG:root:Horizontal
DEBUG:root:Horizontal
INFO:root:电源电量局部刷新
DEBUG:root:Horizontal
DEBUG:root:Horizontal
DEBUG:root:Horizontal
DEBUG:root:Horizontal
DEBUG:root:Horizontal
INFO:root:电源电量局部刷新
DEBUG:root:Horizontal
DEBUG:root:Horizontal
DEBUG:root:Horizontal
DEBUG:root:Horizontal
DEBUG:root:Horizontal
INFO:root:电源电量局部刷新
DEBUG:root:Horizontal
DEBUG:root:Horizontal
DEBUG:root:Horizontal
DEBUG:root:Horizontal
DEBUG:root:Horizontal
INFO:root:电源电量局部刷新
DEBUG:root:Horizontal
DEBUG:root:Horizontal
DEBUG:root:Horizontal
DEBUG:root:Horizontal
DEBUG:root:Horizontal
DEBUG:root:Horizontal
DEBUG:root:Horizontal
DEBUG:root:Horizontal
DEBUG:root:Horizontal
DEBUG:root:Horizontal
INFO:root:电源电量局部刷新
DEBUG:root:Horizontal
DEBUG:root:Horizontal
DEBUG:root:Horizontal
DEBUG:root:Horizontal
DEBUG:root:Horizontal
INFO:root:电源电量局部刷新
DEBUG:root:Horizontal
DEBUG:root:Horizontal
DEBUG:root:Horizontal
DEBUG:root:Horizontal
DEBUG:root:Horizontal
INFO:root:电源电量局部刷新
DEBUG:root:Horizontal
DEBUG:root:Horizontal
DEBUG:root:Horizontal
DEBUG:root:Horizontal
DEBUG:root:Horizontal
INFO:root:电源电量局部刷新
DEBUG:root:Horizontal
DEBUG:root:Horizontal
DEBUG:root:Horizontal
DEBUG:root:Horizontal
DEBUG:root:Horizontal
DEBUG:root:Horizontal
DEBUG:root:Horizontal
DEBUG:root:Horizontal
DEBUG:root:Horizontal
DEBUG:root:Horizontal
INFO:root:电源电量局部刷新
DEBUG:root:Horizontal
DEBUG:root:Horizontal
DEBUG:root:Horizontal
DEBUG:root:Horizontal
DEBUG:root:Horizontal
INFO:root:电源电量局部刷新
DEBUG:root:Horizontal
DEBUG:root:Horizontal
DEBUG:root:Horizontal
DEBUG:root:Horizontal
DEBUG:root:Horizontal
INFO:root:电源电量局部刷新
DEBUG:root:Horizontal
DEBUG:root:Horizontal
DEBUG:root:Horizontal
DEBUG:root:Horizontal
DEBUG:root:Horizontal
INFO:root:电源电量局部刷新
DEBUG:root:Horizontal
DEBUG:root:Horizontal
DEBUG:root:Horizontal
DEBUG:root:Horizontal
DEBUG:root:Horizontal
DEBUG:root:Horizontal
DEBUG:root:Horizontal
DEBUG:root:Horizontal
DEBUG:root:Horizontal
DEBUG:root:Horizontal
INFO:root:电源电量局部刷新
DEBUG:root:Horizontal
DEBUG:root:Horizontal
DEBUG:root:Horizontal
DEBUG:root:Horizontal
DEBUG:root:Horizontal
INFO:root:电源电量局部刷新
DEBUG:root:Horizontal
DEBUG:root:Horizontal
DEBUG:root:Horizontal
DEBUG:root:Horizontal
DEBUG:root:Horizontal
INFO:root:电源电量局部刷新
DEBUG:root:Horizontal
DEBUG:root:Horizontal
DEBUG:root:Horizontal
DEBUG:root:Horizontal
DEBUG:root:Horizontal
INFO:root:电源电量局部刷新
DEBUG:root:Horizontal
DEBUG:root:Horizontal
DEBUG:root:Horizontal
DEBUG:root:Horizontal
DEBUG:root:Horizontal
DEBUG:root:Horizontal
DEBUG:root:Horizontal
DEBUG:root:Horizontal
DEBUG:root:Horizontal
DEBUG:root:Horizontal
INFO:root:电源电量局部刷新
DEBUG:root:Horizontal
DEBUG:root:Horizontal
DEBUG:root:Horizontal
DEBUG:root:Horizontal
DEBUG:root:Horizontal
INFO:root:电源电量局部刷新
DEBUG:root:Horizontal
DEBUG:root:Horizontal
DEBUG:root:Horizontal
DEBUG:root:Horizontal
DEBUG:root:Horizontal
INFO:root:电源电量局部刷新
DEBUG:root:Horizontal
DEBUG:root:Horizontal
DEBUG:root:Horizontal
DEBUG:root:Horizontal
DEBUG:root:Horizontal
DEBUG:root:Horizontal
DEBUG:root:Horizontal
DEBUG:root:Horizontal
DEBUG:root:Horizontal
DEBUG:root:Horizontal
INFO:root:电源电量局部刷新
DEBUG:root:Horizontal
DEBUG:root:Horizontal
DEBUG:root:Horizontal
DEBUG:root:Horizontal
DEBUG:root:Horizontal
INFO:root:电源电量局部刷新
DEBUG:root:Horizontal
DEBUG:root:Horizontal
DEBUG:root:Horizontal
DEBUG:root:Horizontal
DEBUG:root:Horizontal
INFO:root:电源电量局部刷新
DEBUG:root:Horizontal
DEBUG:root:Horizontal
DEBUG:root:Horizontal
DEBUG:root:Horizontal
DEBUG:root:Horizontal
INFO:root:电源电量局部刷新
DEBUG:root:Horizontal
DEBUG:root:Horizontal
DEBUG:root:Horizontal
DEBUG:root:Horizontal
DEBUG:root:Horizontal
DEBUG:root:Horizontal
DEBUG:root:Horizontal
DEBUG:root:Horizontal
DEBUG:root:Horizontal
DEBUG:root:Horizontal
INFO:root:电源电量局部刷新
DEBUG:root:Horizontal
DEBUG:root:Horizontal
DEBUG:root:Horizontal
DEBUG:root:Horizontal
DEBUG:root:Horizontal
INFO:root:电源电量局部刷新
DEBUG:root:Horizontal
DEBUG:root:Horizontal
DEBUG:root:Horizontal
DEBUG:root:Horizontal
DEBUG:root:Horizontal
INFO:root:电源电量局部刷新
DEBUG:root:Horizontal
DEBUG:root:Horizontal
DEBUG:root:Horizontal
DEBUG:root:Horizontal
DEBUG:root:Horizontal
INFO:root:电源电量局部刷新
DEBUG:root:Horizontal
DEBUG:root:Horizontal
DEBUG:root:Horizontal
DEBUG:root:Horizontal
DEBUG:root:Horizontal
DEBUG:root:Horizontal
DEBUG:root:Horizontal
DEBUG:root:Horizontal
DEBUG:root:Horizontal
DEBUG:root:Horizontal
INFO:root:电源电量局部刷新
DEBUG:root:Horizontal
DEBUG:root:Horizontal
DEBUG:root:Horizontal
DEBUG:root:Horizontal
DEBUG:root:Horizontal
INFO:root:电源电量局部刷新
DEBUG:root:Horizontal
DEBUG:root:Horizontal
DEBUG:root:Horizontal
DEBUG:root:Horizontal
DEBUG:root:Horizontal
INFO:root:电源电量局部刷新
DEBUG:root:Horizontal
DEBUG:root:Horizontal
DEBUG:root:Horizontal
DEBUG:root:Horizontal
DEBUG:root:Horizontal
INFO:root:电源电量局部刷新
DEBUG:root:Horizontal
DEBUG:root:Horizontal
DEBUG:root:Horizontal
DEBUG:root:Horizontal
DEBUG:root:Horizontal
DEBUG:root:Horizontal
DEBUG:root:Horizontal
DEBUG:root:Horizontal
DEBUG:root:Horizontal
DEBUG:root:Horizontal
INFO:root:电源电量局部刷新
DEBUG:root:Horizontal
DEBUG:root:Horizontal
DEBUG:root:Horizontal
DEBUG:root:Horizontal
DEBUG:root:Horizontal
INFO:root:电源电量局部刷新
DEBUG:root:Horizontal
DEBUG:root:Horizontal
DEBUG:root:Horizontal
DEBUG:root:Horizontal
DEBUG:root:Horizontal
INFO:root:电源电量局部刷新
DEBUG:root:Horizontal
DEBUG:root:Horizontal
DEBUG:root:Horizontal
DEBUG:root:Horizontal
DEBUG:root:Horizontal
INFO:root:电源电量局部刷新
DEBUG:root:Horizontal
DEBUG:root:Horizontal
DEBUG:root:Horizontal
DEBUG:root:Horizontal
DEBUG:root:Horizontal
DEBUG:root:Horizontal
DEBUG:root:Horizontal
DEBUG:root:Horizontal
DEBUG:root:Horizontal
DEBUG:root:Horizontal
INFO:root:电源电量局部刷新
DEBUG:root:Horizontal
DEBUG:root:Horizontal
DEBUG:root:Horizontal
DEBUG:root:Horizontal
DEBUG:root:Horizontal
INFO:root:电源电量局部刷新
DEBUG:root:Horizontal
DEBUG:root:Horizontal
DEBUG:root:Horizontal
DEBUG:root:Horizontal
DEBUG:root:Horizontal
INFO:root:电源电量局部刷新
DEBUG:root:Horizontal
DEBUG:root:Horizontal
DEBUG:root:Horizontal
DEBUG:root:Horizontal
DEBUG:root:Horizontal
INFO:root:电源电量局部刷新
DEBUG:root:Horizontal
DEBUG:root:Horizontal
DEBUG:root:Horizontal
DEBUG:root:Horizontal
DEBUG:root:Horizontal
DEBUG:root:Horizontal
DEBUG:root:Horizontal
DEBUG:root:Horizontal
DEBUG:root:Horizontal
DEBUG:root:Horizontal
INFO:root:电源电量局部刷新
DEBUG:root:Horizontal
DEBUG:root:Horizontal
DEBUG:root:Horizontal
DEBUG:root:Horizontal
DEBUG:root:Horizontal
INFO:root:电源电量局部刷新
DEBUG:root:Horizontal
DEBUG:root:Horizontal
DEBUG:root:Horizontal
DEBUG:root:Horizontal
DEBUG:root:Horizontal
INFO:root:电源电量局部刷新
DEBUG:root:Horizontal
DEBUG:root:Horizontal
DEBUG:root:Horizontal
DEBUG:root:Horizontal
DEBUG:root:Horizontal
INFO:root:电源电量局部刷新
DEBUG:root:Horizontal
DEBUG:root:Horizontal
DEBUG:root:Horizontal
DEBUG:root:Horizontal
DEBUG:root:Horizontal
DEBUG:root:Horizontal
DEBUG:root:Horizontal
DEBUG:root:Horizontal
DEBUG:root:Horizontal
DEBUG:root:Horizontal
INFO:root:电源电量局部刷新
DEBUG:root:Horizontal
DEBUG:root:Horizontal
DEBUG:root:Horizontal
DEBUG:root:Horizontal
DEBUG:root:Horizontal
INFO:root:电源电量局部刷新
DEBUG:root:Horizontal
DEBUG:root:Horizontal
DEBUG:root:Horizontal
DEBUG:root:Horizontal
DEBUG:root:Horizontal
INFO:root:电源电量局部刷新
DEBUG:root:Horizontal
DEBUG:root:Horizontal
DEBUG:root:Horizontal
DEBUG:root:Horizontal
DEBUG:root:Horizontal
DEBUG:root:Horizontal
DEBUG:root:Horizontal
DEBUG:root:Horizontal
DEBUG:root:Horizontal
DEBUG:root:Horizontal
INFO:root:电源电量局部刷新
DEBUG:root:Horizontal
DEBUG:root:Horizontal
DEBUG:root:Horizontal
DEBUG:root:Horizontal
DEBUG:root:Horizontal
INFO:root:电源电量局部刷新
DEBUG:root:Horizontal
DEBUG:root:Horizontal
DEBUG:root:Horizontal
DEBUG:root:Horizontal
DEBUG:root:Horizontal
INFO:root:电源电量局部刷新
DEBUG:root:Horizontal
DEBUG:root:Horizontal
DEBUG:root:Horizontal
DEBUG:root:Horizontal
DEBUG:root:Horizontal
INFO:root:电源电量局部刷新
DEBUG:root:Horizontal
DEBUG:root:Horizontal
DEBUG:root:Horizontal
DEBUG:root:Horizontal
DEBUG:root:Horizontal
DEBUG:root:Horizontal
DEBUG:root:Horizontal
DEBUG:root:Horizontal
DEBUG:root:Horizontal
DEBUG:root:Horizontal
INFO:root:电源电量局部刷新
DEBUG:root:Horizontal
DEBUG:root:Horizontal
DEBUG:root:Horizontal
DEBUG:root:Horizontal
DEBUG:root:Horizontal
INFO:root:电源电量局部刷新
